runLoop-Append start: 0
runLoop-Append me: 0
Test (2A): initial election ...
runLoop-Append start: 2
runLoop-Append me: 2
runLoop-Append start: 1
runLoop-Append me: 1
me: 0  awake from sleep1.
me: 0  awake from sleep2.
me: 0  awake from sleep3.
runLoop-Append start: 0
runLoop-Append me: 0
runLoop vote req_args: {1 0 0 0} , idx: 1 , leaderIndex: -1 , term: 1
runLoop vote req_args: {1 0 0 0} , idx: 2 , leaderIndex: -1 , term: 1
RequestVote me: 1 , args: {1 0 0 0} , leaderIndex: -1 , term: 0
RequestVote me: 2 , args: {1 0 0 0} , leaderIndex: -1 , term: 0
me: 0 , to be a leader.
me: 2  awake from sleep1.
me: 2  awake from sleep2.
runLoop-Append start: 2
me: 1  awake from sleep1.
me: 1  awake from sleep2.
runLoop-Append start: 1
runLoop-Append me: 1
runLoop-Append me: 2
me: 0  awake from sleep1.
runLoop-Append start: 0
runLoop-Append me leader: 0
runLoop-Append me leader end1: 0
runLoop-Append append_args: {1 0 0 0 [] 0} , idx: 1 , leaderIndex: 0 , term: 1
runLoop-Append append_args: {1 0 0 0 [] 0} , idx: 2 , leaderIndex: 0 , term: 1
AppendEntries me: 1 , args: {1 0 0 0 [] 0} , leaderIndex: -1 , term: 1 , commitIndex: 0
AppendEntries me: 2 , args: {1 0 0 0 [] 0} , leaderIndex: -1 , term: 1 , commitIndex: 0
runLoop-Append append_args: {1 0 0 0 [] 0} , idx: 2 , leaderIndex: 0 , term: 1 , reply: &{1 true}
runLoop-Append append_args: {1 0 0 0 [] 0} , idx: 1 , leaderIndex: 0 , term: 1 , reply: &{1 true}
me: 1  awake from sleep1.
me: 1  awake from sleep2.
runLoop-Append start: 1
runLoop-Append me: 1
me: 2  awake from sleep1.
me: 2  awake from sleep2.
runLoop-Append start: 2
runLoop-Append me: 2
runLoop-Append me leader end2: 0
runLoop-Append start: 0
runLoop-Append me leader: 0
runLoop-Append me leader end1: 0
runLoop-Append append_args: {1 0 0 0 [] 0} , idx: 1 , leaderIndex: 0 , term: 1
runLoop-Append append_args: {1 0 0 0 [] 0} , idx: 2 , leaderIndex: 0 , term: 1
AppendEntries me: 1 , args: {1 0 0 0 [] 0} , leaderIndex: 0 , term: 1 , commitIndex: 0
AppendEntries me: 2 , args: {1 0 0 0 [] 0} , leaderIndex: 0 , term: 1 , commitIndex: 0
runLoop-Append append_args: {1 0 0 0 [] 0} , idx: 1 , leaderIndex: 0 , term: 1 , reply: &{1 true}
runLoop-Append append_args: {1 0 0 0 [] 0} , idx: 2 , leaderIndex: 0 , term: 1 , reply: &{1 true}
runLoop-Append me leader end2: 0
runLoop-Append start: 0
runLoop-Append me leader: 0
runLoop-Append me leader end1: 0
runLoop-Append append_args: {1 0 0 0 [] 0} , idx: 1 , leaderIndex: 0 , term: 1
runLoop-Append append_args: {1 0 0 0 [] 0} , idx: 2 , leaderIndex: 0 , term: 1
AppendEntries me: 2 , args: {1 0 0 0 [] 0} , leaderIndex: 0 , term: 1 , commitIndex: 0
AppendEntries me: 1 , args: {1 0 0 0 [] 0} , leaderIndex: 0 , term: 1 , commitIndex: 0
runLoop-Append append_args: {1 0 0 0 [] 0} , idx: 2 , leaderIndex: 0 , term: 1 , reply: &{1 true}
runLoop-Append append_args: {1 0 0 0 [] 0} , idx: 1 , leaderIndex: 0 , term: 1 , reply: &{1 true}
runLoop-Append me leader end2: 0
runLoop-Append start: 0
runLoop-Append me leader: 0
runLoop-Append me leader end1: 0
runLoop-Append append_args: {1 0 0 0 [] 0} , idx: 2 , leaderIndex: 0 , term: 1
runLoop-Append append_args: {1 0 0 0 [] 0} , idx: 1 , leaderIndex: 0 , term: 1
AppendEntries me: 1 , args: {1 0 0 0 [] 0} , leaderIndex: 0 , term: 1 , commitIndex: 0
AppendEntries me: 2 , args: {1 0 0 0 [] 0} , leaderIndex: 0 , term: 1 , commitIndex: 0
runLoop-Append append_args: {1 0 0 0 [] 0} , idx: 1 , leaderIndex: 0 , term: 1 , reply: &{1 true}
runLoop-Append append_args: {1 0 0 0 [] 0} , idx: 2 , leaderIndex: 0 , term: 1 , reply: &{1 true}
runLoop-Append me leader end2: 0
runLoop-Append start: 0
runLoop-Append me leader: 0
runLoop-Append me leader end1: 0
runLoop-Append append_args: {1 0 0 0 [] 0} , idx: 1 , leaderIndex: 0 , term: 1
runLoop-Append append_args: {1 0 0 0 [] 0} , idx: 2 , leaderIndex: 0 , term: 1
AppendEntries me: 1 , args: {1 0 0 0 [] 0} , leaderIndex: 0 , term: 1 , commitIndex: 0
AppendEntries me: 2 , args: {1 0 0 0 [] 0} , leaderIndex: 0 , term: 1 , commitIndex: 0
runLoop-Append append_args: {1 0 0 0 [] 0} , idx: 1 , leaderIndex: 0 , term: 1 , reply: &{1 true}
runLoop-Append append_args: {1 0 0 0 [] 0} , idx: 2 , leaderIndex: 0 , term: 1 , reply: &{1 true}
me: 1  awake from sleep1.
me: 1  awake from sleep2.
runLoop-Append start: 1
runLoop-Append me: 1
me: 2  awake from sleep1.
me: 2  awake from sleep2.
runLoop-Append start: 2
runLoop-Append me: 2
runLoop-Append me leader end2: 0
runLoop-Append start: 0
runLoop-Append me leader: 0
runLoop-Append me leader end1: 0
runLoop-Append append_args: {1 0 0 0 [] 0} , idx: 1 , leaderIndex: 0 , term: 1
runLoop-Append append_args: {1 0 0 0 [] 0} , idx: 2 , leaderIndex: 0 , term: 1
AppendEntries me: 1 , args: {1 0 0 0 [] 0} , leaderIndex: 0 , term: 1 , commitIndex: 0
AppendEntries me: 2 , args: {1 0 0 0 [] 0} , leaderIndex: 0 , term: 1 , commitIndex: 0
runLoop-Append append_args: {1 0 0 0 [] 0} , idx: 1 , leaderIndex: 0 , term: 1 , reply: &{1 true}
runLoop-Append append_args: {1 0 0 0 [] 0} , idx: 2 , leaderIndex: 0 , term: 1 , reply: &{1 true}
runLoop-Append me leader end2: 0
runLoop-Append start: 0
runLoop-Append me leader: 0
runLoop-Append me leader end1: 0
runLoop-Append append_args: {1 0 0 0 [] 0} , idx: 2 , leaderIndex: 0 , term: 1
runLoop-Append append_args: {1 0 0 0 [] 0} , idx: 1 , leaderIndex: 0 , term: 1
AppendEntries me: 2 , args: {1 0 0 0 [] 0} , leaderIndex: 0 , term: 1 , commitIndex: 0
AppendEntries me: 1 , args: {1 0 0 0 [] 0} , leaderIndex: 0 , term: 1 , commitIndex: 0
runLoop-Append append_args: {1 0 0 0 [] 0} , idx: 2 , leaderIndex: 0 , term: 1 , reply: &{1 true}
runLoop-Append append_args: {1 0 0 0 [] 0} , idx: 1 , leaderIndex: 0 , term: 1 , reply: &{1 true}
runLoop-Append me leader end2: 0
runLoop-Append start: 0
runLoop-Append me leader: 0
runLoop-Append me leader end1: 0
runLoop-Append append_args: {1 0 0 0 [] 0} , idx: 2 , leaderIndex: 0 , term: 1
runLoop-Append append_args: {1 0 0 0 [] 0} , idx: 1 , leaderIndex: 0 , term: 1
AppendEntries me: 2 , args: {1 0 0 0 [] 0} , leaderIndex: 0 , term: 1 , commitIndex: 0
AppendEntries me: 1 , args: {1 0 0 0 [] 0} , leaderIndex: 0 , term: 1 , commitIndex: 0
runLoop-Append append_args: {1 0 0 0 [] 0} , idx: 2 , leaderIndex: 0 , term: 1 , reply: &{1 true}
runLoop-Append append_args: {1 0 0 0 [] 0} , idx: 1 , leaderIndex: 0 , term: 1 , reply: &{1 true}
me: 2  awake from sleep1.
me: 2  awake from sleep2.
runLoop-Append start: 2
runLoop-Append me: 2
me: 1  awake from sleep1.
me: 1  awake from sleep2.
runLoop-Append start: 1
runLoop-Append me: 1
runLoop-Append me leader end2: 0
runLoop-Append start: 0
runLoop-Append me leader: 0
runLoop-Append me leader end1: 0
runLoop-Append append_args: {1 0 0 0 [] 0} , idx: 2 , leaderIndex: 0 , term: 1
runLoop-Append append_args: {1 0 0 0 [] 0} , idx: 1 , leaderIndex: 0 , term: 1
AppendEntries me: 2 , args: {1 0 0 0 [] 0} , leaderIndex: 0 , term: 1 , commitIndex: 0
AppendEntries me: 1 , args: {1 0 0 0 [] 0} , leaderIndex: 0 , term: 1 , commitIndex: 0
runLoop-Append append_args: {1 0 0 0 [] 0} , idx: 2 , leaderIndex: 0 , term: 1 , reply: &{1 true}
runLoop-Append append_args: {1 0 0 0 [] 0} , idx: 1 , leaderIndex: 0 , term: 1 , reply: &{1 true}
runLoop-Append me leader end2: 0
runLoop-Append start: 0
runLoop-Append me leader: 0
runLoop-Append me leader end1: 0
runLoop-Append append_args: {1 0 0 0 [] 0} , idx: 2 , leaderIndex: 0 , term: 1
runLoop-Append append_args: {1 0 0 0 [] 0} , idx: 1 , leaderIndex: 0 , term: 1
AppendEntries me: 2 , args: {1 0 0 0 [] 0} , leaderIndex: 0 , term: 1 , commitIndex: 0
AppendEntries me: 1 , args: {1 0 0 0 [] 0} , leaderIndex: 0 , term: 1 , commitIndex: 0
runLoop-Append append_args: {1 0 0 0 [] 0} , idx: 2 , leaderIndex: 0 , term: 1 , reply: &{1 true}
runLoop-Append append_args: {1 0 0 0 [] 0} , idx: 1 , leaderIndex: 0 , term: 1 , reply: &{1 true}
runLoop-Append me leader end2: 0
runLoop-Append start: 0
runLoop-Append me leader: 0
runLoop-Append me leader end1: 0
runLoop-Append append_args: {1 0 0 0 [] 0} , idx: 2 , leaderIndex: 0 , term: 1
runLoop-Append append_args: {1 0 0 0 [] 0} , idx: 1 , leaderIndex: 0 , term: 1
AppendEntries me: 2 , args: {1 0 0 0 [] 0} , leaderIndex: 0 , term: 1 , commitIndex: 0
AppendEntries me: 1 , args: {1 0 0 0 [] 0} , leaderIndex: 0 , term: 1 , commitIndex: 0
runLoop-Append append_args: {1 0 0 0 [] 0} , idx: 2 , leaderIndex: 0 , term: 1 , reply: &{1 true}
runLoop-Append append_args: {1 0 0 0 [] 0} , idx: 1 , leaderIndex: 0 , term: 1 , reply: &{1 true}
runLoop-Append me leader end2: 0
runLoop-Append start: 0
runLoop-Append me leader: 0
runLoop-Append me leader end1: 0
runLoop-Append append_args: {1 0 0 0 [] 0} , idx: 1 , leaderIndex: 0 , term: 1
runLoop-Append append_args: {1 0 0 0 [] 0} , idx: 2 , leaderIndex: 0 , term: 1
AppendEntries me: 1 , args: {1 0 0 0 [] 0} , leaderIndex: 0 , term: 1 , commitIndex: 0
AppendEntries me: 2 , args: {1 0 0 0 [] 0} , leaderIndex: 0 , term: 1 , commitIndex: 0
runLoop-Append append_args: {1 0 0 0 [] 0} , idx: 1 , leaderIndex: 0 , term: 1 , reply: &{1 true}
runLoop-Append append_args: {1 0 0 0 [] 0} , idx: 2 , leaderIndex: 0 , term: 1 , reply: &{1 true}
me: 2  awake from sleep1.
me: 2  awake from sleep2.
runLoop-Append start: 2
runLoop-Append me: 2
me: 1  awake from sleep1.
me: 1  awake from sleep2.
runLoop-Append start: 1
runLoop-Append me: 1
runLoop-Append me leader end2: 0
runLoop-Append start: 0
runLoop-Append me leader: 0
runLoop-Append me leader end1: 0
runLoop-Append append_args: {1 0 0 0 [] 0} , idx: 2 , leaderIndex: 0 , term: 1
runLoop-Append append_args: {1 0 0 0 [] 0} , idx: 1 , leaderIndex: 0 , term: 1
AppendEntries me: 2 , args: {1 0 0 0 [] 0} , leaderIndex: 0 , term: 1 , commitIndex: 0
AppendEntries me: 1 , args: {1 0 0 0 [] 0} , leaderIndex: 0 , term: 1 , commitIndex: 0
runLoop-Append append_args: {1 0 0 0 [] 0} , idx: 2 , leaderIndex: 0 , term: 1 , reply: &{1 true}
runLoop-Append append_args: {1 0 0 0 [] 0} , idx: 1 , leaderIndex: 0 , term: 1 , reply: &{1 true}
runLoop-Append me leader end2: 0
runLoop-Append start: 0
runLoop-Append me leader: 0
runLoop-Append me leader end1: 0
runLoop-Append append_args: {1 0 0 0 [] 0} , idx: 2 , leaderIndex: 0 , term: 1
runLoop-Append append_args: {1 0 0 0 [] 0} , idx: 1 , leaderIndex: 0 , term: 1
AppendEntries me: 2 , args: {1 0 0 0 [] 0} , leaderIndex: 0 , term: 1 , commitIndex: 0
AppendEntries me: 1 , args: {1 0 0 0 [] 0} , leaderIndex: 0 , term: 1 , commitIndex: 0
runLoop-Append append_args: {1 0 0 0 [] 0} , idx: 2 , leaderIndex: 0 , term: 1 , reply: &{1 true}
runLoop-Append append_args: {1 0 0 0 [] 0} , idx: 1 , leaderIndex: 0 , term: 1 , reply: &{1 true}
runLoop-Append me leader end2: 0
runLoop-Append start: 0
runLoop-Append me leader: 0
runLoop-Append me leader end1: 0
runLoop-Append append_args: {1 0 0 0 [] 0} , idx: 2 , leaderIndex: 0 , term: 1
runLoop-Append append_args: {1 0 0 0 [] 0} , idx: 1 , leaderIndex: 0 , term: 1
AppendEntries me: 2 , args: {1 0 0 0 [] 0} , leaderIndex: 0 , term: 1 , commitIndex: 0
AppendEntries me: 1 , args: {1 0 0 0 [] 0} , leaderIndex: 0 , term: 1 , commitIndex: 0
runLoop-Append append_args: {1 0 0 0 [] 0} , idx: 2 , leaderIndex: 0 , term: 1 , reply: &{1 true}
runLoop-Append append_args: {1 0 0 0 [] 0} , idx: 1 , leaderIndex: 0 , term: 1 , reply: &{1 true}
me: 2  awake from sleep1.
me: 2  awake from sleep2.
runLoop-Append start: 2
runLoop-Append me: 2
me: 1  awake from sleep1.
me: 1  awake from sleep2.
runLoop-Append start: 1
runLoop-Append me: 1
runLoop-Append me leader end2: 0
runLoop-Append start: 0
runLoop-Append me leader: 0
runLoop-Append me leader end1: 0
runLoop-Append append_args: {1 0 0 0 [] 0} , idx: 1 , leaderIndex: 0 , term: 1
runLoop-Append append_args: {1 0 0 0 [] 0} , idx: 2 , leaderIndex: 0 , term: 1
AppendEntries me: 1 , args: {1 0 0 0 [] 0} , leaderIndex: 0 , term: 1 , commitIndex: 0
AppendEntries me: 2 , args: {1 0 0 0 [] 0} , leaderIndex: 0 , term: 1 , commitIndex: 0
runLoop-Append append_args: {1 0 0 0 [] 0} , idx: 1 , leaderIndex: 0 , term: 1 , reply: &{1 true}
runLoop-Append append_args: {1 0 0 0 [] 0} , idx: 2 , leaderIndex: 0 , term: 1 , reply: &{1 true}
runLoop-Append me leader end2: 0
runLoop-Append start: 0
runLoop-Append me leader: 0
runLoop-Append me leader end1: 0
runLoop-Append append_args: {1 0 0 0 [] 0} , idx: 2 , leaderIndex: 0 , term: 1
runLoop-Append append_args: {1 0 0 0 [] 0} , idx: 1 , leaderIndex: 0 , term: 1
AppendEntries me: 2 , args: {1 0 0 0 [] 0} , leaderIndex: 0 , term: 1 , commitIndex: 0
AppendEntries me: 1 , args: {1 0 0 0 [] 0} , leaderIndex: 0 , term: 1 , commitIndex: 0
runLoop-Append append_args: {1 0 0 0 [] 0} , idx: 2 , leaderIndex: 0 , term: 1 , reply: &{1 true}
runLoop-Append append_args: {1 0 0 0 [] 0} , idx: 1 , leaderIndex: 0 , term: 1 , reply: &{1 true}
runLoop-Append me leader end2: 0
runLoop-Append start: 0
runLoop-Append me leader: 0
runLoop-Append me leader end1: 0
runLoop-Append append_args: {1 0 0 0 [] 0} , idx: 2 , leaderIndex: 0 , term: 1
runLoop-Append append_args: {1 0 0 0 [] 0} , idx: 1 , leaderIndex: 0 , term: 1
AppendEntries me: 1 , args: {1 0 0 0 [] 0} , leaderIndex: 0 , term: 1 , commitIndex: 0
AppendEntries me: 2 , args: {1 0 0 0 [] 0} , leaderIndex: 0 , term: 1 , commitIndex: 0
runLoop-Append append_args: {1 0 0 0 [] 0} , idx: 1 , leaderIndex: 0 , term: 1 , reply: &{1 true}
runLoop-Append append_args: {1 0 0 0 [] 0} , idx: 2 , leaderIndex: 0 , term: 1 , reply: &{1 true}
me: 2  awake from sleep1.
me: 2  awake from sleep2.
runLoop-Append start: 2
runLoop-Append me: 2
runLoop-Append me leader end2: 0
runLoop-Append start: 0
runLoop-Append me leader: 0
runLoop-Append me leader end1: 0
runLoop-Append append_args: {1 0 0 0 [] 0} , idx: 1 , leaderIndex: 0 , term: 1
runLoop-Append append_args: {1 0 0 0 [] 0} , idx: 2 , leaderIndex: 0 , term: 1
me: 1  awake from sleep1.
me: 1  awake from sleep2.
runLoop-Append start: 1
runLoop-Append me: 1
AppendEntries me: 1 , args: {1 0 0 0 [] 0} , leaderIndex: 0 , term: 1 , commitIndex: 0
AppendEntries me: 2 , args: {1 0 0 0 [] 0} , leaderIndex: 0 , term: 1 , commitIndex: 0
runLoop-Append append_args: {1 0 0 0 [] 0} , idx: 1 , leaderIndex: 0 , term: 1 , reply: &{1 true}
runLoop-Append append_args: {1 0 0 0 [] 0} , idx: 2 , leaderIndex: 0 , term: 1 , reply: &{1 true}
runLoop-Append me leader end2: 0
runLoop-Append start: 0
runLoop-Append me leader: 0
runLoop-Append me leader end1: 0
runLoop-Append append_args: {1 0 0 0 [] 0} , idx: 2 , leaderIndex: 0 , term: 1
runLoop-Append append_args: {1 0 0 0 [] 0} , idx: 1 , leaderIndex: 0 , term: 1
AppendEntries me: 2 , args: {1 0 0 0 [] 0} , leaderIndex: 0 , term: 1 , commitIndex: 0
AppendEntries me: 1 , args: {1 0 0 0 [] 0} , leaderIndex: 0 , term: 1 , commitIndex: 0
runLoop-Append append_args: {1 0 0 0 [] 0} , idx: 2 , leaderIndex: 0 , term: 1 , reply: &{1 true}
runLoop-Append append_args: {1 0 0 0 [] 0} , idx: 1 , leaderIndex: 0 , term: 1 , reply: &{1 true}
runLoop-Append me leader end2: 0
runLoop-Append start: 0
runLoop-Append me leader: 0
runLoop-Append me leader end1: 0
runLoop-Append append_args: {1 0 0 0 [] 0} , idx: 2 , leaderIndex: 0 , term: 1
runLoop-Append append_args: {1 0 0 0 [] 0} , idx: 1 , leaderIndex: 0 , term: 1
AppendEntries me: 2 , args: {1 0 0 0 [] 0} , leaderIndex: 0 , term: 1 , commitIndex: 0
AppendEntries me: 1 , args: {1 0 0 0 [] 0} , leaderIndex: 0 , term: 1 , commitIndex: 0
runLoop-Append append_args: {1 0 0 0 [] 0} , idx: 2 , leaderIndex: 0 , term: 1 , reply: &{1 true}
runLoop-Append append_args: {1 0 0 0 [] 0} , idx: 1 , leaderIndex: 0 , term: 1 , reply: &{1 true}
runLoop-Append me leader end2: 0
runLoop-Append start: 0
runLoop-Append me leader: 0
runLoop-Append me leader end1: 0
runLoop-Append append_args: {1 0 0 0 [] 0} , idx: 2 , leaderIndex: 0 , term: 1
runLoop-Append append_args: {1 0 0 0 [] 0} , idx: 1 , leaderIndex: 0 , term: 1
AppendEntries me: 1 , args: {1 0 0 0 [] 0} , leaderIndex: 0 , term: 1 , commitIndex: 0
AppendEntries me: 2 , args: {1 0 0 0 [] 0} , leaderIndex: 0 , term: 1 , commitIndex: 0
runLoop-Append append_args: {1 0 0 0 [] 0} , idx: 1 , leaderIndex: 0 , term: 1 , reply: &{1 true}
runLoop-Append append_args: {1 0 0 0 [] 0} , idx: 2 , leaderIndex: 0 , term: 1 , reply: &{1 true}
me: 2  awake from sleep1.
me: 2  awake from sleep2.
runLoop-Append start: 2
runLoop-Append me: 2
me: 1  awake from sleep1.
me: 1  awake from sleep2.
runLoop-Append start: 1
runLoop-Append me: 1
runLoop-Append me leader end2: 0
runLoop-Append start: 0
runLoop-Append me leader: 0
runLoop-Append me leader end1: 0
runLoop-Append append_args: {1 0 0 0 [] 0} , idx: 2 , leaderIndex: 0 , term: 1
runLoop-Append append_args: {1 0 0 0 [] 0} , idx: 1 , leaderIndex: 0 , term: 1
AppendEntries me: 2 , args: {1 0 0 0 [] 0} , leaderIndex: 0 , term: 1 , commitIndex: 0
AppendEntries me: 1 , args: {1 0 0 0 [] 0} , leaderIndex: 0 , term: 1 , commitIndex: 0
runLoop-Append append_args: {1 0 0 0 [] 0} , idx: 2 , leaderIndex: 0 , term: 1 , reply: &{1 true}
runLoop-Append append_args: {1 0 0 0 [] 0} , idx: 1 , leaderIndex: 0 , term: 1 , reply: &{1 true}
runLoop-Append me leader end2: 0
runLoop-Append start: 0
runLoop-Append me leader: 0
runLoop-Append me leader end1: 0
runLoop-Append append_args: {1 0 0 0 [] 0} , idx: 2 , leaderIndex: 0 , term: 1
runLoop-Append append_args: {1 0 0 0 [] 0} , idx: 1 , leaderIndex: 0 , term: 1
AppendEntries me: 2 , args: {1 0 0 0 [] 0} , leaderIndex: 0 , term: 1 , commitIndex: 0
AppendEntries me: 1 , args: {1 0 0 0 [] 0} , leaderIndex: 0 , term: 1 , commitIndex: 0
runLoop-Append append_args: {1 0 0 0 [] 0} , idx: 2 , leaderIndex: 0 , term: 1 , reply: &{1 true}
runLoop-Append append_args: {1 0 0 0 [] 0} , idx: 1 , leaderIndex: 0 , term: 1 , reply: &{1 true}
runLoop-Append me leader end2: 0
runLoop-Append start: 0
runLoop-Append me leader: 0
runLoop-Append me leader end1: 0
runLoop-Append append_args: {1 0 0 0 [] 0} , idx: 2 , leaderIndex: 0 , term: 1
runLoop-Append append_args: {1 0 0 0 [] 0} , idx: 1 , leaderIndex: 0 , term: 1
AppendEntries me: 2 , args: {1 0 0 0 [] 0} , leaderIndex: 0 , term: 1 , commitIndex: 0
AppendEntries me: 1 , args: {1 0 0 0 [] 0} , leaderIndex: 0 , term: 1 , commitIndex: 0
runLoop-Append append_args: {1 0 0 0 [] 0} , idx: 2 , leaderIndex: 0 , term: 1 , reply: &{1 true}
runLoop-Append append_args: {1 0 0 0 [] 0} , idx: 1 , leaderIndex: 0 , term: 1 , reply: &{1 true}
me: 2  awake from sleep1.
me: 2  awake from sleep2.
runLoop-Append start: 2
runLoop-Append me: 2
me: 1  awake from sleep1.
me: 1  awake from sleep2.
runLoop-Append start: 1
runLoop-Append me: 1
runLoop-Append me leader end2: 0
runLoop-Append start: 0
runLoop-Append me leader: 0
runLoop-Append me leader end1: 0
runLoop-Append append_args: {1 0 0 0 [] 0} , idx: 2 , leaderIndex: 0 , term: 1
runLoop-Append append_args: {1 0 0 0 [] 0} , idx: 1 , leaderIndex: 0 , term: 1
AppendEntries me: 2 , args: {1 0 0 0 [] 0} , leaderIndex: 0 , term: 1 , commitIndex: 0
AppendEntries me: 1 , args: {1 0 0 0 [] 0} , leaderIndex: 0 , term: 1 , commitIndex: 0
runLoop-Append append_args: {1 0 0 0 [] 0} , idx: 2 , leaderIndex: 0 , term: 1 , reply: &{1 true}
runLoop-Append append_args: {1 0 0 0 [] 0} , idx: 1 , leaderIndex: 0 , term: 1 , reply: &{1 true}
runLoop-Append me leader end2: 0
runLoop-Append start: 0
runLoop-Append me leader: 0
runLoop-Append me leader end1: 0
runLoop-Append append_args: {1 0 0 0 [] 0} , idx: 2 , leaderIndex: 0 , term: 1
runLoop-Append append_args: {1 0 0 0 [] 0} , idx: 1 , leaderIndex: 0 , term: 1
AppendEntries me: 1 , args: {1 0 0 0 [] 0} , leaderIndex: 0 , term: 1 , commitIndex: 0
AppendEntries me: 2 , args: {1 0 0 0 [] 0} , leaderIndex: 0 , term: 1 , commitIndex: 0
runLoop-Append append_args: {1 0 0 0 [] 0} , idx: 1 , leaderIndex: 0 , term: 1 , reply: &{1 true}
runLoop-Append append_args: {1 0 0 0 [] 0} , idx: 2 , leaderIndex: 0 , term: 1 , reply: &{1 true}
runLoop-Append me leader end2: 0
runLoop-Append start: 0
runLoop-Append me leader: 0
runLoop-Append me leader end1: 0
runLoop-Append append_args: {1 0 0 0 [] 0} , idx: 1 , leaderIndex: 0 , term: 1
runLoop-Append append_args: {1 0 0 0 [] 0} , idx: 2 , leaderIndex: 0 , term: 1
AppendEntries me: 1 , args: {1 0 0 0 [] 0} , leaderIndex: 0 , term: 1 , commitIndex: 0
AppendEntries me: 2 , args: {1 0 0 0 [] 0} , leaderIndex: 0 , term: 1 , commitIndex: 0
runLoop-Append append_args: {1 0 0 0 [] 0} , idx: 1 , leaderIndex: 0 , term: 1 , reply: &{1 true}
runLoop-Append append_args: {1 0 0 0 [] 0} , idx: 2 , leaderIndex: 0 , term: 1 , reply: &{1 true}
runLoop-Append me leader end2: 0
runLoop-Append start: 0
runLoop-Append me leader: 0
runLoop-Append me leader end1: 0
runLoop-Append append_args: {1 0 0 0 [] 0} , idx: 2 , leaderIndex: 0 , term: 1
runLoop-Append append_args: {1 0 0 0 [] 0} , idx: 1 , leaderIndex: 0 , term: 1
AppendEntries me: 2 , args: {1 0 0 0 [] 0} , leaderIndex: 0 , term: 1 , commitIndex: 0
AppendEntries me: 1 , args: {1 0 0 0 [] 0} , leaderIndex: 0 , term: 1 , commitIndex: 0
runLoop-Append append_args: {1 0 0 0 [] 0} , idx: 2 , leaderIndex: 0 , term: 1 , reply: &{1 true}
runLoop-Append append_args: {1 0 0 0 [] 0} , idx: 1 , leaderIndex: 0 , term: 1 , reply: &{1 true}
me: 2  awake from sleep1.
me: 2  awake from sleep2.
runLoop-Append start: 2
runLoop-Append me: 2
me: 1  awake from sleep1.
me: 1  awake from sleep2.
runLoop-Append start: 1
runLoop-Append me: 1
runLoop-Append me leader end2: 0
runLoop-Append start: 0
runLoop-Append me leader: 0
runLoop-Append me leader end1: 0
runLoop-Append append_args: {1 0 0 0 [] 0} , idx: 1 , leaderIndex: 0 , term: 1
runLoop-Append append_args: {1 0 0 0 [] 0} , idx: 2 , leaderIndex: 0 , term: 1
AppendEntries me: 1 , args: {1 0 0 0 [] 0} , leaderIndex: 0 , term: 1 , commitIndex: 0
AppendEntries me: 2 , args: {1 0 0 0 [] 0} , leaderIndex: 0 , term: 1 , commitIndex: 0
runLoop-Append append_args: {1 0 0 0 [] 0} , idx: 1 , leaderIndex: 0 , term: 1 , reply: &{1 true}
runLoop-Append append_args: {1 0 0 0 [] 0} , idx: 2 , leaderIndex: 0 , term: 1 , reply: &{1 true}
runLoop-Append me leader end2: 0
runLoop-Append start: 0
runLoop-Append me leader: 0
runLoop-Append me leader end1: 0
runLoop-Append append_args: {1 0 0 0 [] 0} , idx: 2 , leaderIndex: 0 , term: 1
runLoop-Append append_args: {1 0 0 0 [] 0} , idx: 1 , leaderIndex: 0 , term: 1
AppendEntries me: 2 , args: {1 0 0 0 [] 0} , leaderIndex: 0 , term: 1 , commitIndex: 0
AppendEntries me: 1 , args: {1 0 0 0 [] 0} , leaderIndex: 0 , term: 1 , commitIndex: 0
runLoop-Append append_args: {1 0 0 0 [] 0} , idx: 2 , leaderIndex: 0 , term: 1 , reply: &{1 true}
runLoop-Append append_args: {1 0 0 0 [] 0} , idx: 1 , leaderIndex: 0 , term: 1 , reply: &{1 true}
runLoop-Append me leader end2: 0
runLoop-Append start: 0
runLoop-Append me leader: 0
runLoop-Append me leader end1: 0
runLoop-Append append_args: {1 0 0 0 [] 0} , idx: 1 , leaderIndex: 0 , term: 1
runLoop-Append append_args: {1 0 0 0 [] 0} , idx: 2 , leaderIndex: 0 , term: 1
AppendEntries me: 1 , args: {1 0 0 0 [] 0} , leaderIndex: 0 , term: 1 , commitIndex: 0
AppendEntries me: 2 , args: {1 0 0 0 [] 0} , leaderIndex: 0 , term: 1 , commitIndex: 0
runLoop-Append append_args: {1 0 0 0 [] 0} , idx: 1 , leaderIndex: 0 , term: 1 , reply: &{1 true}
runLoop-Append append_args: {1 0 0 0 [] 0} , idx: 2 , leaderIndex: 0 , term: 1 , reply: &{1 true}
me: 2  awake from sleep1.
me: 2  awake from sleep2.
runLoop-Append start: 2
runLoop-Append me: 2
me: 1  awake from sleep1.
me: 1  awake from sleep2.
runLoop-Append start: 1
runLoop-Append me: 1
runLoop-Append me leader end2: 0
runLoop-Append start: 0
runLoop-Append me leader: 0
runLoop-Append me leader end1: 0
runLoop-Append append_args: {1 0 0 0 [] 0} , idx: 2 , leaderIndex: 0 , term: 1
runLoop-Append append_args: {1 0 0 0 [] 0} , idx: 1 , leaderIndex: 0 , term: 1
AppendEntries me: 2 , args: {1 0 0 0 [] 0} , leaderIndex: 0 , term: 1 , commitIndex: 0
AppendEntries me: 1 , args: {1 0 0 0 [] 0} , leaderIndex: 0 , term: 1 , commitIndex: 0
runLoop-Append append_args: {1 0 0 0 [] 0} , idx: 2 , leaderIndex: 0 , term: 1 , reply: &{1 true}
runLoop-Append append_args: {1 0 0 0 [] 0} , idx: 1 , leaderIndex: 0 , term: 1 , reply: &{1 true}
  ... Passed --   4.1  3   68   16350    0
runLoop-Append start: 0
runLoop-Append me: 0
runLoop-Append start: 1
runLoop-Append me: 1
runLoop-Append start: 2
runLoop-Append me: 2
Test (2A): election after network failure ...
runLoop-Append me leader end2: 0
me: 0  awake from sleep1.
me: 0  awake from sleep2.
me: 0  awake from sleep3.
runLoop-Append start: 0
runLoop-Append me: 0
runLoop vote req_args: {1 0 0 0} , idx: 1 , leaderIndex: -1 , term: 1
runLoop vote req_args: {1 0 0 0} , idx: 2 , leaderIndex: -1 , term: 1
RequestVote me: 1 , args: {1 0 0 0} , leaderIndex: -1 , term: 0
RequestVote me: 2 , args: {1 0 0 0} , leaderIndex: -1 , term: 0
me: 0 , to be a leader.
me: 1  awake from sleep1.
me: 1  awake from sleep2.
runLoop-Append start: 1
runLoop-Append me: 1
me: 2  awake from sleep1.
me: 2  awake from sleep2.
me: 1  awake from sleep1.
me: 1  awake from sleep2.
me: 2  awake from sleep1.
me: 2  awake from sleep2.
runLoop-Append start: 2
runLoop-Append me: 2
me: 0  awake from sleep1.
runLoop-Append start: 0
runLoop-Append me leader: 0
runLoop-Append me leader end1: 0
runLoop-Append append_args: {1 0 0 0 [] 0} , idx: 2 , leaderIndex: 0 , term: 1
runLoop-Append append_args: {1 0 0 0 [] 0} , idx: 1 , leaderIndex: 0 , term: 1
AppendEntries me: 2 , args: {1 0 0 0 [] 0} , leaderIndex: -1 , term: 1 , commitIndex: 0
AppendEntries me: 1 , args: {1 0 0 0 [] 0} , leaderIndex: -1 , term: 1 , commitIndex: 0
runLoop-Append append_args: {1 0 0 0 [] 0} , idx: 2 , leaderIndex: 0 , term: 1 , reply: &{1 true}
runLoop-Append append_args: {1 0 0 0 [] 0} , idx: 1 , leaderIndex: 0 , term: 1 , reply: &{1 true}
me: 1  awake from sleep1.
me: 1  awake from sleep2.
runLoop-Append start: 1
runLoop-Append me: 1
runLoop-Append me leader end2: 0
runLoop-Append start: 0
runLoop-Append me leader: 0
runLoop-Append me leader end1: 0
runLoop-Append append_args: {1 0 0 0 [] 0} , idx: 1 , leaderIndex: 0 , term: 1
runLoop-Append append_args: {1 0 0 0 [] 0} , idx: 2 , leaderIndex: 0 , term: 1
me: 2  awake from sleep1.
me: 2  awake from sleep2.
runLoop-Append start: 2
runLoop-Append me: 2
runLoop-Append me leader end2: 0
runLoop-Append start: 0
runLoop-Append me leader: 0
runLoop-Append me leader end1: 0
runLoop-Append append_args: {1 0 0 0 [] 0} , idx: 2 , leaderIndex: 0 , term: 1
runLoop-Append append_args: {1 0 0 0 [] 0} , idx: 1 , leaderIndex: 0 , term: 1
me: 1  awake from sleep1.
me: 1  awake from sleep2.
me: 1  awake from sleep3.
runLoop-Append start: 1
runLoop-Append me: 1
runLoop vote req_args: {2 1 0 0} , idx: 2 , leaderIndex: -1 , term: 2
runLoop vote req_args: {2 1 0 0} , idx: 0 , leaderIndex: -1 , term: 2
RequestVote me: 2 , args: {2 1 0 0} , leaderIndex: 0 , term: 1
me: 1 , to be a leader.
runLoop-Append me leader end2: 0
runLoop-Append start: 0
runLoop-Append me leader: 0
runLoop-Append me leader end1: 0
runLoop-Append append_args: {1 0 0 0 [] 0} , idx: 2 , leaderIndex: 0 , term: 1
runLoop-Append append_args: {1 0 0 0 [] 0} , idx: 1 , leaderIndex: 0 , term: 1
runLoop-Append me leader end2: 0
runLoop-Append start: 0
runLoop-Append me leader: 0
runLoop-Append me leader end1: 0
runLoop-Append append_args: {1 0 0 0 [] 0} , idx: 2 , leaderIndex: 0 , term: 1
runLoop-Append append_args: {1 0 0 0 [] 0} , idx: 1 , leaderIndex: 0 , term: 1
me: 1  awake from sleep1.
runLoop-Append start: 1
runLoop-Append me leader: 1
runLoop-Append me leader end1: 1
runLoop-Append append_args: {2 1 0 0 [] 0} , idx: 2 , leaderIndex: 1 , term: 2
runLoop-Append append_args: {2 1 0 0 [] 0} , idx: 0 , leaderIndex: 1 , term: 2
AppendEntries me: 2 , args: {2 1 0 0 [] 0} , leaderIndex: -1 , term: 2 , commitIndex: 0
runLoop-Append append_args: {2 1 0 0 [] 0} , idx: 2 , leaderIndex: 1 , term: 2 , reply: &{2 true}
me: 2  awake from sleep1.
me: 2  awake from sleep2.
runLoop-Append start: 2
runLoop-Append me: 2
runLoop-Append me leader end2: 0
runLoop-Append start: 0
runLoop-Append me leader: 0
runLoop-Append me leader end1: 0
runLoop-Append append_args: {1 0 0 0 [] 0} , idx: 2 , leaderIndex: 0 , term: 1
runLoop-Append append_args: {1 0 0 0 [] 0} , idx: 1 , leaderIndex: 0 , term: 1
runLoop-Append me leader end2: 1
runLoop-Append start: 1
runLoop-Append me leader: 1
runLoop-Append me leader end1: 1
runLoop-Append append_args: {2 1 0 0 [] 0} , idx: 2 , leaderIndex: 1 , term: 2
runLoop-Append append_args: {2 1 0 0 [] 0} , idx: 0 , leaderIndex: 1 , term: 2
AppendEntries me: 2 , args: {2 1 0 0 [] 0} , leaderIndex: 1 , term: 2 , commitIndex: 0
AppendEntries me: 0 , args: {2 1 0 0 [] 0} , leaderIndex: 0 , term: 1 , commitIndex: 0
runLoop-Append append_args: {2 1 0 0 [] 0} , idx: 2 , leaderIndex: 1 , term: 2 , reply: &{2 true}
runLoop-Append append_args: {2 1 0 0 [] 0} , idx: 0 , leaderIndex: 1 , term: 2 , reply: &{1 true}
runLoop-Append me leader end2: 0
runLoop-Append start: 0
runLoop-Append me: 0
runLoop-Append me leader end2: 1
runLoop-Append start: 1
runLoop-Append me leader: 1
runLoop-Append me leader end1: 1
runLoop-Append append_args: {2 1 0 0 [] 0} , idx: 2 , leaderIndex: 1 , term: 2
runLoop-Append append_args: {2 1 0 0 [] 0} , idx: 0 , leaderIndex: 1 , term: 2
AppendEntries me: 2 , args: {2 1 0 0 [] 0} , leaderIndex: 1 , term: 2 , commitIndex: 0
AppendEntries me: 0 , args: {2 1 0 0 [] 0} , leaderIndex: 1 , term: 2 , commitIndex: 0
runLoop-Append append_args: {2 1 0 0 [] 0} , idx: 2 , leaderIndex: 1 , term: 2 , reply: &{2 true}
runLoop-Append append_args: {2 1 0 0 [] 0} , idx: 0 , leaderIndex: 1 , term: 2 , reply: &{2 true}
runLoop-Append me leader end2: 1
runLoop-Append start: 1
runLoop-Append me leader: 1
runLoop-Append me leader end1: 1
runLoop-Append append_args: {2 1 0 0 [] 0} , idx: 0 , leaderIndex: 1 , term: 2
runLoop-Append append_args: {2 1 0 0 [] 0} , idx: 2 , leaderIndex: 1 , term: 2
AppendEntries me: 0 , args: {2 1 0 0 [] 0} , leaderIndex: 1 , term: 2 , commitIndex: 0
AppendEntries me: 2 , args: {2 1 0 0 [] 0} , leaderIndex: 1 , term: 2 , commitIndex: 0
runLoop-Append append_args: {2 1 0 0 [] 0} , idx: 0 , leaderIndex: 1 , term: 2 , reply: &{2 true}
runLoop-Append append_args: {2 1 0 0 [] 0} , idx: 2 , leaderIndex: 1 , term: 2 , reply: &{2 true}
me: 2  awake from sleep1.
me: 2  awake from sleep2.
runLoop-Append start: 2
runLoop-Append me: 2
me: 0  awake from sleep1.
me: 0  awake from sleep2.
runLoop-Append start: 0
runLoop-Append me: 0
runLoop-Append me leader end2: 1
runLoop-Append start: 1
runLoop-Append me leader: 1
runLoop-Append me leader end1: 1
runLoop-Append append_args: {2 1 0 0 [] 0} , idx: 2 , leaderIndex: 1 , term: 2
runLoop-Append append_args: {2 1 0 0 [] 0} , idx: 0 , leaderIndex: 1 , term: 2
AppendEntries me: 2 , args: {2 1 0 0 [] 0} , leaderIndex: 1 , term: 2 , commitIndex: 0
AppendEntries me: 0 , args: {2 1 0 0 [] 0} , leaderIndex: 1 , term: 2 , commitIndex: 0
runLoop-Append append_args: {2 1 0 0 [] 0} , idx: 2 , leaderIndex: 1 , term: 2 , reply: &{2 true}
runLoop-Append append_args: {2 1 0 0 [] 0} , idx: 0 , leaderIndex: 1 , term: 2 , reply: &{2 true}
runLoop-Append append_args: {1 0 0 0 [] 0} , idx: 2 , leaderIndex: 1 , term: 2 , reply: &{0 false}
runLoop-Append me leader end2: 1
runLoop-Append start: 1
runLoop-Append me leader: 1
runLoop-Append me leader end1: 1
runLoop-Append append_args: {2 1 0 0 [] 0} , idx: 2 , leaderIndex: 1 , term: 2
runLoop-Append append_args: {2 1 0 0 [] 0} , idx: 0 , leaderIndex: 1 , term: 2
AppendEntries me: 2 , args: {2 1 0 0 [] 0} , leaderIndex: 1 , term: 2 , commitIndex: 0
AppendEntries me: 0 , args: {2 1 0 0 [] 0} , leaderIndex: 1 , term: 2 , commitIndex: 0
runLoop-Append append_args: {2 1 0 0 [] 0} , idx: 2 , leaderIndex: 1 , term: 2 , reply: &{2 true}
runLoop-Append append_args: {2 1 0 0 [] 0} , idx: 0 , leaderIndex: 1 , term: 2 , reply: &{2 true}
me: 0  awake from sleep1.
me: 0  awake from sleep2.
runLoop-Append start: 0
runLoop-Append me: 0
runLoop-Append me leader end2: 1
runLoop-Append start: 1
runLoop-Append me leader: 1
runLoop-Append me leader end1: 1
runLoop-Append append_args: {2 1 0 0 [] 0} , idx: 2 , leaderIndex: 1 , term: 2
runLoop-Append append_args: {2 1 0 0 [] 0} , idx: 0 , leaderIndex: 1 , term: 2
me: 2  awake from sleep1.
me: 2  awake from sleep2.
runLoop-Append start: 2
runLoop-Append me: 2
runLoop-Append append_args: {1 0 0 0 [] 0} , idx: 1 , leaderIndex: 1 , term: 2 , reply: &{0 false}
runLoop-Append me leader end2: 1
runLoop-Append start: 1
runLoop-Append me leader: 1
runLoop-Append me leader end1: 1
runLoop-Append append_args: {2 1 0 0 [] 0} , idx: 2 , leaderIndex: 1 , term: 2
runLoop-Append append_args: {2 1 0 0 [] 0} , idx: 0 , leaderIndex: 1 , term: 2
runLoop-Append append_args: {2 1 0 0 [] 0} , idx: 0 , leaderIndex: 1 , term: 2 , reply: &{0 false}
me: 0  awake from sleep1.
me: 0  awake from sleep2.
me: 0  awake from sleep3.
runLoop-Append start: 0
runLoop-Append me: 0
runLoop vote req_args: {3 0 0 0} , idx: 2 , leaderIndex: -1 , term: 3
runLoop vote req_args: {3 0 0 0} , idx: 1 , leaderIndex: -1 , term: 3
runLoop-Append me leader end2: 1
runLoop-Append start: 1
runLoop-Append me leader: 1
runLoop-Append me leader end1: 1
runLoop-Append append_args: {2 1 0 0 [] 0} , idx: 2 , leaderIndex: 1 , term: 2
runLoop-Append append_args: {2 1 0 0 [] 0} , idx: 0 , leaderIndex: 1 , term: 2
runLoop-Append me leader end2: 1
runLoop-Append start: 1
runLoop-Append me leader: 1
runLoop-Append me leader end1: 1
runLoop-Append append_args: {2 1 0 0 [] 0} , idx: 2 , leaderIndex: 1 , term: 2
runLoop-Append append_args: {2 1 0 0 [] 0} , idx: 0 , leaderIndex: 1 , term: 2
me: 2  awake from sleep1.
me: 2  awake from sleep2.
me: 2  awake from sleep3.
runLoop-Append start: 2
runLoop-Append me: 2
runLoop vote req_args: {3 2 0 0} , idx: 1 , leaderIndex: -1 , term: 3
runLoop vote req_args: {3 2 0 0} , idx: 0 , leaderIndex: -1 , term: 3
runLoop-Append me leader end2: 1
runLoop-Append start: 1
runLoop-Append me leader: 1
runLoop-Append me leader end1: 1
runLoop-Append append_args: {2 1 0 0 [] 0} , idx: 2 , leaderIndex: 1 , term: 2
runLoop-Append append_args: {2 1 0 0 [] 0} , idx: 0 , leaderIndex: 1 , term: 2
me: 0  awake from sleep1.
me: 0  awake from sleep2.
me: 0  awake from sleep3.
runLoop-Append start: 0
runLoop-Append me: 0
runLoop vote req_args: {4 0 0 0} , idx: 2 , leaderIndex: -1 , term: 4
runLoop vote req_args: {4 0 0 0} , idx: 1 , leaderIndex: -1 , term: 4
runLoop-Append me leader end2: 1
runLoop-Append start: 1
runLoop-Append me leader: 1
runLoop-Append me leader end1: 1
runLoop-Append append_args: {2 1 0 0 [] 0} , idx: 0 , leaderIndex: 1 , term: 2
runLoop-Append append_args: {2 1 0 0 [] 0} , idx: 2 , leaderIndex: 1 , term: 2
runLoop-Append me leader end2: 1
runLoop-Append start: 1
runLoop-Append me leader: 1
runLoop-Append me leader end1: 1
runLoop-Append append_args: {2 1 0 0 [] 0} , idx: 2 , leaderIndex: 1 , term: 2
runLoop-Append append_args: {2 1 0 0 [] 0} , idx: 0 , leaderIndex: 1 , term: 2
me: 0  awake from sleep1.
me: 0  awake from sleep2.
me: 0  awake from sleep3.
runLoop-Append start: 0
runLoop-Append me: 0
runLoop vote req_args: {5 0 0 0} , idx: 2 , leaderIndex: -1 , term: 5
runLoop vote req_args: {5 0 0 0} , idx: 1 , leaderIndex: -1 , term: 5
me: 2  awake from sleep1.
me: 2  awake from sleep2.
me: 2  awake from sleep3.
runLoop-Append start: 2
runLoop-Append me: 2
runLoop vote req_args: {4 2 0 0} , idx: 1 , leaderIndex: -1 , term: 4
runLoop vote req_args: {4 2 0 0} , idx: 0 , leaderIndex: -1 , term: 4
runLoop-Append me leader end2: 1
runLoop-Append start: 1
runLoop-Append me leader: 1
runLoop-Append me leader end1: 1
runLoop-Append append_args: {2 1 0 0 [] 0} , idx: 2 , leaderIndex: 1 , term: 2
runLoop-Append append_args: {2 1 0 0 [] 0} , idx: 0 , leaderIndex: 1 , term: 2
runLoop-Append me leader end2: 1
runLoop-Append start: 1
runLoop-Append me leader: 1
runLoop-Append me leader end1: 1
runLoop-Append append_args: {2 1 0 0 [] 0} , idx: 2 , leaderIndex: 1 , term: 2
runLoop-Append append_args: {2 1 0 0 [] 0} , idx: 0 , leaderIndex: 1 , term: 2
runLoop-Append append_args: {2 1 0 0 [] 0} , idx: 0 , leaderIndex: 1 , term: 2 , reply: &{0 false}
me: 0  awake from sleep1.
me: 0  awake from sleep2.
me: 0  awake from sleep3.
runLoop-Append start: 0
runLoop-Append me: 0
runLoop vote req_args: {6 0 0 0} , idx: 1 , leaderIndex: -1 , term: 6
runLoop vote req_args: {6 0 0 0} , idx: 2 , leaderIndex: -1 , term: 6
runLoop-Append me leader end2: 1
runLoop-Append start: 1
runLoop-Append me leader: 1
runLoop-Append me leader end1: 1
runLoop-Append append_args: {2 1 0 0 [] 0} , idx: 2 , leaderIndex: 1 , term: 2
runLoop-Append append_args: {2 1 0 0 [] 0} , idx: 0 , leaderIndex: 1 , term: 2
me: 2  awake from sleep1.
me: 2  awake from sleep2.
me: 2  awake from sleep3.
runLoop-Append start: 2
runLoop-Append me: 2
runLoop vote req_args: {5 2 0 0} , idx: 0 , leaderIndex: -1 , term: 5
runLoop vote req_args: {5 2 0 0} , idx: 1 , leaderIndex: -1 , term: 5
runLoop-Append me leader end2: 1
runLoop-Append start: 1
runLoop-Append me leader: 1
runLoop-Append me leader end1: 1
runLoop-Append append_args: {2 1 0 0 [] 0} , idx: 2 , leaderIndex: 1 , term: 2
runLoop-Append append_args: {2 1 0 0 [] 0} , idx: 0 , leaderIndex: 1 , term: 2
me: 0  awake from sleep1.
me: 0  awake from sleep2.
me: 0  awake from sleep3.
runLoop-Append start: 0
runLoop-Append me: 0
runLoop vote req_args: {7 0 0 0} , idx: 1 , leaderIndex: -1 , term: 7
runLoop vote req_args: {7 0 0 0} , idx: 2 , leaderIndex: -1 , term: 7
runLoop-Append append_args: {1 0 0 0 [] 0} , idx: 2 , leaderIndex: -1 , term: 7 , reply: &{0 false}
runLoop-Append me leader end2: 1
runLoop-Append start: 1
runLoop-Append me leader: 1
runLoop-Append me leader end1: 1
runLoop-Append append_args: {2 1 0 0 [] 0} , idx: 2 , leaderIndex: 1 , term: 2
runLoop-Append append_args: {2 1 0 0 [] 0} , idx: 0 , leaderIndex: 1 , term: 2
runLoop-Append append_args: {2 1 0 0 [] 0} , idx: 0 , leaderIndex: 1 , term: 2 , reply: &{0 false}
runLoop-Append append_args: {2 1 0 0 [] 0} , idx: 0 , leaderIndex: 1 , term: 2 , reply: &{0 false}
runLoop-Append append_args: {2 1 0 0 [] 0} , idx: 2 , leaderIndex: 1 , term: 2 , reply: &{0 false}
runLoop-Append me leader end2: 1
runLoop-Append start: 1
runLoop-Append me leader: 1
runLoop-Append me leader end1: 1
runLoop-Append append_args: {2 1 0 0 [] 0} , idx: 0 , leaderIndex: 1 , term: 2
runLoop-Append append_args: {2 1 0 0 [] 0} , idx: 2 , leaderIndex: 1 , term: 2
me: 2  awake from sleep1.
me: 2  awake from sleep2.
me: 2  awake from sleep3.
runLoop-Append start: 2
runLoop-Append me: 2
runLoop vote req_args: {6 2 0 0} , idx: 0 , leaderIndex: -1 , term: 6
runLoop vote req_args: {6 2 0 0} , idx: 1 , leaderIndex: -1 , term: 6
runLoop-Append me leader end2: 1
runLoop-Append start: 1
runLoop-Append me leader: 1
runLoop-Append me leader end1: 1
runLoop-Append append_args: {2 1 0 0 [] 0} , idx: 2 , leaderIndex: 1 , term: 2
runLoop-Append append_args: {2 1 0 0 [] 0} , idx: 0 , leaderIndex: 1 , term: 2
me: 0  awake from sleep1.
me: 0  awake from sleep2.
me: 0  awake from sleep3.
runLoop-Append start: 0
runLoop-Append me: 0
runLoop vote req_args: {8 0 0 0} , idx: 2 , leaderIndex: -1 , term: 8
runLoop vote req_args: {8 0 0 0} , idx: 1 , leaderIndex: -1 , term: 8
runLoop-Append me leader end2: 1
runLoop-Append start: 1
runLoop-Append me leader: 1
runLoop-Append me leader end1: 1
runLoop-Append append_args: {2 1 0 0 [] 0} , idx: 2 , leaderIndex: 1 , term: 2
runLoop-Append append_args: {2 1 0 0 [] 0} , idx: 0 , leaderIndex: 1 , term: 2
runLoop-Append append_args: {2 1 0 0 [] 0} , idx: 2 , leaderIndex: 1 , term: 2 , reply: &{0 false}
runLoop-Append me leader end2: 1
runLoop-Append start: 1
runLoop-Append me leader: 1
runLoop-Append me leader end1: 1
runLoop-Append append_args: {2 1 0 0 [] 0} , idx: 2 , leaderIndex: 1 , term: 2
runLoop-Append append_args: {2 1 0 0 [] 0} , idx: 0 , leaderIndex: 1 , term: 2
me: 0  awake from sleep1.
me: 0  awake from sleep2.
me: 0  awake from sleep3.
runLoop-Append append_args: {2 1 0 0 [] 0} , idx: 2 , leaderIndex: 1 , term: 2 , reply: &{0 false}
runLoop-Append start: 0
runLoop-Append me: 0
runLoop vote req_args: {9 0 0 0} , idx: 1 , leaderIndex: -1 , term: 9
runLoop vote req_args: {9 0 0 0} , idx: 2 , leaderIndex: -1 , term: 9
runLoop-Append me leader end2: 1
runLoop-Append start: 1
runLoop-Append me leader: 1
runLoop-Append me leader end1: 1
runLoop-Append append_args: {2 1 0 0 [] 0} , idx: 2 , leaderIndex: 1 , term: 2
runLoop-Append append_args: {2 1 0 0 [] 0} , idx: 0 , leaderIndex: 1 , term: 2
me: 2  awake from sleep1.
me: 2  awake from sleep2.
me: 2  awake from sleep3.
runLoop-Append start: 2
runLoop-Append me: 2
runLoop vote req_args: {7 2 0 0} , idx: 1 , leaderIndex: -1 , term: 7
runLoop vote req_args: {7 2 0 0} , idx: 0 , leaderIndex: -1 , term: 7
runLoop-Append me leader end2: 1
runLoop-Append start: 1
runLoop-Append me leader: 1
runLoop-Append me leader end1: 1
runLoop-Append append_args: {2 1 0 0 [] 0} , idx: 2 , leaderIndex: 1 , term: 2
runLoop-Append append_args: {2 1 0 0 [] 0} , idx: 0 , leaderIndex: 1 , term: 2
runLoop-Append append_args: {1 0 0 0 [] 0} , idx: 2 , leaderIndex: -1 , term: 9 , reply: &{0 false}
me: 0  awake from sleep1.
me: 0  awake from sleep2.
me: 0  awake from sleep3.
runLoop-Append start: 0
runLoop-Append me: 0
runLoop vote req_args: {10 0 0 0} , idx: 2 , leaderIndex: -1 , term: 10
runLoop vote req_args: {10 0 0 0} , idx: 1 , leaderIndex: -1 , term: 10
runLoop-Append me leader end2: 1
runLoop-Append start: 1
runLoop-Append me leader: 1
runLoop-Append me leader end1: 1
runLoop-Append append_args: {2 1 0 0 [] 0} , idx: 2 , leaderIndex: 1 , term: 2
runLoop-Append append_args: {2 1 0 0 [] 0} , idx: 0 , leaderIndex: 1 , term: 2
runLoop-Append append_args: {2 1 0 0 [] 0} , idx: 2 , leaderIndex: 1 , term: 2 , reply: &{0 false}
runLoop-Append me leader end2: 1
runLoop-Append start: 1
runLoop-Append me leader: 1
runLoop-Append me leader end1: 1
runLoop-Append append_args: {2 1 0 0 [] 0} , idx: 0 , leaderIndex: 1 , term: 2
runLoop-Append append_args: {2 1 0 0 [] 0} , idx: 2 , leaderIndex: 1 , term: 2
me: 2  awake from sleep1.
me: 2  awake from sleep2.
me: 2  awake from sleep3.
runLoop-Append start: 2
runLoop-Append me: 2
runLoop vote req_args: {8 2 0 0} , idx: 1 , leaderIndex: -1 , term: 8
runLoop vote req_args: {8 2 0 0} , idx: 0 , leaderIndex: -1 , term: 8
RequestVote me: 0 , args: {8 2 0 0} , leaderIndex: -1 , term: 10
me: 2 , to be reset.
runLoop-Append append_args: {2 1 0 0 [] 0} , idx: 0 , leaderIndex: 1 , term: 2 , reply: &{0 false}
runLoop-Append append_args: {2 1 0 0 [] 0} , idx: 0 , leaderIndex: 1 , term: 2 , reply: &{0 false}
me: 0  awake from sleep1.
me: 0  awake from sleep2.
me: 0  awake from sleep3.
runLoop-Append start: 0
runLoop-Append me: 0
runLoop vote req_args: {11 0 0 0} , idx: 1 , leaderIndex: -1 , term: 11
runLoop vote req_args: {11 0 0 0} , idx: 2 , leaderIndex: -1 , term: 11
RequestVote me: 2 , args: {11 0 0 0} , leaderIndex: -1 , term: 10
me: 0 , to be a leader.
runLoop-Append me leader end2: 1
runLoop-Append start: 1
runLoop-Append me leader: 1
runLoop-Append me leader end1: 1
runLoop-Append append_args: {2 1 0 0 [] 0} , idx: 2 , leaderIndex: 1 , term: 2
runLoop-Append append_args: {2 1 0 0 [] 0} , idx: 0 , leaderIndex: 1 , term: 2
runLoop-Append append_args: {2 1 0 0 [] 0} , idx: 0 , leaderIndex: 1 , term: 2 , reply: &{0 false}
runLoop-Append append_args: {2 1 0 0 [] 0} , idx: 0 , leaderIndex: 1 , term: 2 , reply: &{0 false}
runLoop-Append me leader end2: 1
runLoop-Append start: 1
runLoop-Append me leader: 1
runLoop-Append me leader end1: 1
runLoop-Append append_args: {2 1 0 0 [] 0} , idx: 2 , leaderIndex: 1 , term: 2
runLoop-Append append_args: {2 1 0 0 [] 0} , idx: 0 , leaderIndex: 1 , term: 2
runLoop-Append append_args: {2 1 0 0 [] 0} , idx: 2 , leaderIndex: 1 , term: 2 , reply: &{0 false}
me: 0  awake from sleep1.
runLoop-Append start: 0
runLoop-Append me leader: 0
runLoop-Append me leader end1: 0
runLoop-Append append_args: {11 0 0 0 [] 0} , idx: 2 , leaderIndex: 0 , term: 11
runLoop-Append append_args: {11 0 0 0 [] 0} , idx: 1 , leaderIndex: 0 , term: 11
AppendEntries me: 2 , args: {11 0 0 0 [] 0} , leaderIndex: -1 , term: 11 , commitIndex: 0
runLoop-Append append_args: {11 0 0 0 [] 0} , idx: 2 , leaderIndex: 0 , term: 11 , reply: &{11 true}
runLoop-Append me leader end2: 1
runLoop-Append start: 1
runLoop-Append me leader: 1
runLoop-Append me leader end1: 1
runLoop-Append append_args: {2 1 0 0 [] 0} , idx: 2 , leaderIndex: 1 , term: 2
runLoop-Append append_args: {2 1 0 0 [] 0} , idx: 0 , leaderIndex: 1 , term: 2
me: 2  awake from sleep1.
me: 2  awake from sleep2.
runLoop-Append start: 2
runLoop-Append me: 2
runLoop-Append me leader end2: 0
runLoop-Append start: 0
runLoop-Append me leader: 0
runLoop-Append me leader end1: 0
runLoop-Append append_args: {11 0 0 0 [] 0} , idx: 1 , leaderIndex: 0 , term: 11
runLoop-Append append_args: {11 0 0 0 [] 0} , idx: 2 , leaderIndex: 0 , term: 11
AppendEntries me: 2 , args: {11 0 0 0 [] 0} , leaderIndex: 0 , term: 11 , commitIndex: 0
runLoop-Append append_args: {11 0 0 0 [] 0} , idx: 2 , leaderIndex: 0 , term: 11 , reply: &{11 true}
runLoop-Append me leader end2: 1
runLoop-Append start: 1
runLoop-Append me leader: 1
runLoop-Append me leader end1: 1
runLoop-Append append_args: {2 1 0 0 [] 0} , idx: 2 , leaderIndex: 1 , term: 2
runLoop-Append append_args: {2 1 0 0 [] 0} , idx: 0 , leaderIndex: 1 , term: 2
AppendEntries me: 2 , args: {2 1 0 0 [] 0} , leaderIndex: 0 , term: 11 , commitIndex: 0
AppendEntries me: 0 , args: {2 1 0 0 [] 0} , leaderIndex: 0 , term: 11 , commitIndex: 0
runLoop-Append append_args: {2 1 0 0 [] 0} , idx: 2 , leaderIndex: 1 , term: 2 , reply: &{11 false}
runLoop-Append append_args: {2 1 0 0 [] 0} , idx: 0 , leaderIndex: -1 , term: 11 , reply: &{11 false}
runLoop-Append append_args: {2 1 0 0 [] 0} , idx: 2 , leaderIndex: -1 , term: 11 , reply: &{0 false}
runLoop-Append append_args: {1 0 0 0 [] 0} , idx: 2 , leaderIndex: 0 , term: 11 , reply: &{0 false}
runLoop-Append append_args: {2 1 0 0 [] 0} , idx: 0 , leaderIndex: -1 , term: 11 , reply: &{0 false}
runLoop-Append me leader end2: 0
runLoop-Append start: 0
runLoop-Append me leader: 0
runLoop-Append me leader end1: 0
runLoop-Append append_args: {11 0 0 0 [] 0} , idx: 2 , leaderIndex: 0 , term: 11
runLoop-Append append_args: {11 0 0 0 [] 0} , idx: 1 , leaderIndex: 0 , term: 11
AppendEntries me: 2 , args: {11 0 0 0 [] 0} , leaderIndex: 0 , term: 11 , commitIndex: 0
AppendEntries me: 1 , args: {11 0 0 0 [] 0} , leaderIndex: -1 , term: 11 , commitIndex: 0
runLoop-Append append_args: {11 0 0 0 [] 0} , idx: 2 , leaderIndex: 0 , term: 11 , reply: &{11 true}
runLoop-Append append_args: {11 0 0 0 [] 0} , idx: 1 , leaderIndex: 0 , term: 11 , reply: &{11 true}
runLoop-Append me leader end2: 1
runLoop-Append start: 1
runLoop-Append me: 1
runLoop-Append append_args: {2 1 0 0 [] 0} , idx: 2 , leaderIndex: 0 , term: 11 , reply: &{0 false}
runLoop-Append me leader end2: 0
runLoop-Append start: 0
runLoop-Append me leader: 0
runLoop-Append me leader end1: 0
runLoop-Append append_args: {11 0 0 0 [] 0} , idx: 2 , leaderIndex: 0 , term: 11
runLoop-Append append_args: {11 0 0 0 [] 0} , idx: 1 , leaderIndex: 0 , term: 11
AppendEntries me: 1 , args: {11 0 0 0 [] 0} , leaderIndex: 0 , term: 11 , commitIndex: 0
AppendEntries me: 2 , args: {11 0 0 0 [] 0} , leaderIndex: 0 , term: 11 , commitIndex: 0
runLoop-Append append_args: {11 0 0 0 [] 0} , idx: 1 , leaderIndex: 0 , term: 11 , reply: &{11 true}
runLoop-Append append_args: {11 0 0 0 [] 0} , idx: 2 , leaderIndex: 0 , term: 11 , reply: &{11 true}
runLoop-Append append_args: {2 1 0 0 [] 0} , idx: 0 , leaderIndex: 0 , term: 11 , reply: &{0 false}
me: 2  awake from sleep1.
me: 2  awake from sleep2.
runLoop-Append start: 2
runLoop-Append me: 2
runLoop-Append me leader end2: 0
runLoop-Append start: 0
runLoop-Append me leader: 0
runLoop-Append me leader end1: 0
runLoop-Append append_args: {11 0 0 0 [] 0} , idx: 2 , leaderIndex: 0 , term: 11
runLoop-Append append_args: {11 0 0 0 [] 0} , idx: 1 , leaderIndex: 0 , term: 11
AppendEntries me: 2 , args: {11 0 0 0 [] 0} , leaderIndex: 0 , term: 11 , commitIndex: 0
AppendEntries me: 1 , args: {11 0 0 0 [] 0} , leaderIndex: 0 , term: 11 , commitIndex: 0
runLoop-Append append_args: {11 0 0 0 [] 0} , idx: 2 , leaderIndex: 0 , term: 11 , reply: &{11 true}
runLoop-Append append_args: {11 0 0 0 [] 0} , idx: 1 , leaderIndex: 0 , term: 11 , reply: &{11 true}
me: 1  awake from sleep1.
me: 1  awake from sleep2.
runLoop-Append start: 1
runLoop-Append me: 1
runLoop-Append me leader end2: 0
runLoop-Append start: 0
runLoop-Append me leader: 0
runLoop-Append me leader end1: 0
runLoop-Append append_args: {11 0 0 0 [] 0} , idx: 2 , leaderIndex: 0 , term: 11
runLoop-Append append_args: {11 0 0 0 [] 0} , idx: 1 , leaderIndex: 0 , term: 11
AppendEntries me: 2 , args: {11 0 0 0 [] 0} , leaderIndex: 0 , term: 11 , commitIndex: 0
AppendEntries me: 1 , args: {11 0 0 0 [] 0} , leaderIndex: 0 , term: 11 , commitIndex: 0
runLoop-Append append_args: {11 0 0 0 [] 0} , idx: 2 , leaderIndex: 0 , term: 11 , reply: &{11 true}
runLoop-Append append_args: {11 0 0 0 [] 0} , idx: 1 , leaderIndex: 0 , term: 11 , reply: &{11 true}
  ... Passed --   4.6  3  118   20408    0
PASS
ok  	raft	8.646s
